<?xml version="1.0" encoding="utf-8"?><testsuites name="pytest tests"><testsuite name="pytest" errors="0" failures="0" skipped="0" tests="19" time="1.324" timestamp="2026-07-14T19:39:35.397271+00:00" hostname="agent-env-acc33d37-63e0-4554-a6d9-4cbdb48affa8"><testcase classname="tests.test_control_tower_api.TestFleet" name="test_fleet_shape" time="0.203" /><testcase classname="tests.test_control_tower_api.TestSignals" name="test_edge_monitor" time="0.270" /><testcase classname="tests.test_control_tower_api.TestFleet" name="test_deployments_list" time="0.088" /><testcase classname="tests.test_control_tower_api.TestSignals" name="test_broker_health" time="0.062" /><testcase classname="tests.test_control_tower_api.TestFleet" name="test_deployment_by_id_ok" time="0.105" /><testcase classname="tests.test_control_tower_api.TestSignals" name="test_system_confidence" time="0.067" /><testcase classname="tests.test_control_tower_api.TestFleet" name="test_deployment_by_id_404" time="0.053" /><testcase classname="tests.test_control_tower_api.TestSignals" name="test_recommendations" time="0.062" /><testcase classname="tests.test_control_tower_api.TestMeta" name="test_root" time="0.053" /><testcase classname="tests.test_control_tower_api.TestSignals" name="test_events" time="0.092" /><testcase classname="tests.test_control_tower_api.TestMeta" name="test_health" time="0.050" /><testcase classname="tests.test_control_tower_api.TestPolicy" name="test_matrix_eurusd" time="0.058" /><testcase classname="tests.test_control_tower_api.TestSignals" name="test_feature_flags" time="0.054" /><testcase classname="tests.test_control_tower_api.TestSignals" name="test_active_package" time="0.053" /><testcase classname="tests.test_control_tower_api.TestPolicy" name="test_matrix_unknown_instrument" time="0.054" /><testcase classname="tests.test_control_tower_api.TestWorld" name="test_world_contract" time="0.065" /><testcase classname="tests.test_control_tower_api.TestTrades" name="test_trades_eurusd" time="0.057" /><testcase classname="tests.test_control_tower_api.TestTrades" name="test_trades_no_filter" time="0.053" /><testcase classname="tests.test_control_tower_api.TestDecisions" name="test_decision_404" time="0.054" /></testsuite></testsuites>